<?xml version="1.0" encoding="UTF-8"?>
<!-- Generated by org.testng.reporters.JUnitReportReporter -->
<testsuite hostname="User" name="com.qa.tests.LoginPageTest" tests="3" failures="0" timestamp="1 Oct 2018 11:56:01 GMT" time="35.839" errors="0">
  <testcase name="crmlogologoTest" time="11.156" classname="com.qa.tests.LoginPageTest"/>
  <testcase name="loginTest" time="15.486" classname="com.qa.tests.LoginPageTest"/>
  <testcase name="loginpagetitletest" time="9.197" classname="com.qa.tests.LoginPageTest"/>
</testsuite> <!-- com.qa.tests.LoginPageTest -->
